d:\visualstudio_projects\qtres2dox\qtres2dox\release\myuiform.obj
d:\visualstudio_projects\qtres2dox\qtres2dox\release\moc_myuiform.obj
d:\visualstudio_projects\qtres2dox\qtres2dox\release\doxygenexport.obj
d:\visualstudio_projects\qtres2dox\qtres2dox\release\qrc_qtres2dox.obj
d:\visualstudio_projects\qtres2dox\qtres2dox\release\moc_qtres2dox.obj
d:\visualstudio_projects\qtres2dox\qtres2dox\release\main.obj
d:\visualstudio_projects\qtres2dox\qtres2dox\release\doxgenerator.obj
d:\visualstudio_projects\qtres2dox\qtres2dox\release\moc_doxygenexport.obj
d:\visualstudio_projects\qtres2dox\qtres2dox\release\qtres2dox.obj
d:\visualstudio_projects\qtres2dox\win32\release\qtres2dox.exe
d:\visualstudio_projects\qtres2dox\qtres2dox\.\generatedfiles\release\moc_qtres2dox.cpp
d:\visualstudio_projects\qtres2dox\qtres2dox\.\generatedfiles\release\moc_myuiform.cpp
d:\visualstudio_projects\qtres2dox\qtres2dox\.\generatedfiles\release\moc_doxygenexport.cpp
d:\visualstudio_projects\qtres2dox\qtres2dox\generatedfiles\ui_doxygenexport.h
d:\visualstudio_projects\qtres2dox\qtres2dox\generatedfiles\ui_qtres2dox.h
d:\visualstudio_projects\qtres2dox\qtres2dox\generatedfiles\qrc_qtres2dox.cpp
d:\visualstudio_projects\qtres2dox\qtres2dox\generatedfiles\release\moc_qtres2dox.cpp
d:\visualstudio_projects\qtres2dox\qtres2dox\generatedfiles\release\moc_myuiform.cpp
d:\visualstudio_projects\qtres2dox\qtres2dox\generatedfiles\release\moc_doxygenexport.cpp
d:\visualstudio_projects\qtres2dox\qtres2dox\.\generatedfiles\qrc_qtres2dox.cpp
d:\visualstudio_projects\qtres2dox\qtres2dox\.\generatedfiles\ui_doxygenexport.h
d:\visualstudio_projects\qtres2dox\qtres2dox\.\generatedfiles\ui_qtres2dox.h
d:\visualstudio_projects\qtres2dox\qtres2dox\release\qtres2dox.tlog\cl.command.1.tlog
d:\visualstudio_projects\qtres2dox\qtres2dox\release\qtres2dox.tlog\cl.read.1.tlog
d:\visualstudio_projects\qtres2dox\qtres2dox\release\qtres2dox.tlog\cl.write.1.tlog
d:\visualstudio_projects\qtres2dox\qtres2dox\release\qtres2dox.tlog\link.command.1.tlog
d:\visualstudio_projects\qtres2dox\qtres2dox\release\qtres2dox.tlog\link.read.1.tlog
d:\visualstudio_projects\qtres2dox\qtres2dox\release\qtres2dox.tlog\link.write.1.tlog
d:\visualstudio_projects\qtres2dox\qtres2dox\release\qtres2dox.tlog\moc.read.1u.tlog
d:\visualstudio_projects\qtres2dox\qtres2dox\release\qtres2dox.tlog\moc.write.1u.tlog
d:\visualstudio_projects\qtres2dox\qtres2dox\release\qtres2dox.tlog\qtres2dox.write.1u.tlog
d:\visualstudio_projects\qtres2dox\qtres2dox\release\qtres2dox.tlog\rcc.read.1u.tlog
d:\visualstudio_projects\qtres2dox\qtres2dox\release\qtres2dox.tlog\rcc.write.1u.tlog
d:\visualstudio_projects\qtres2dox\qtres2dox\release\qtres2dox.tlog\uic.read.1u.tlog
d:\visualstudio_projects\qtres2dox\qtres2dox\release\qtres2dox.tlog\uic.write.1u.tlog
